Using pre-set license
Built from '2021.3/staging' branch; Version is '2021.3.5f1 (40eb3a945986) revision 4254522'; Using compiler version '192829333'; Build Type 'Release'
OS: 'Windows 10  (10.0.19045) 64bit Professional' Language: 'ru' Physical Memory: 16003 MB
BatchMode: 1, IsHumanControllingUs: 0, StartBugReporterOnCrash: 0, Is64bit: 1, IsPro: 1

COMMAND LINE ARGUMENTS:
D:\2021.3.5f1\Editor\Unity.exe
-adb2
-batchMode
-noUpm
-name
AssetImportWorker0
-projectPath
D:/Uni/Gamedev/Flappy bobr
-logFile
Logs/AssetImportWorker0.log
-srvPort
62196
Successfully changed project path to: D:/Uni/Gamedev/Flappy bobr
D:/Uni/Gamedev/Flappy bobr
[UnityMemory] Configuration Parameters - Can be set up in boot.config
    "memorysetup-bucket-allocator-granularity=16"
    "memorysetup-bucket-allocator-bucket-count=8"
    "memorysetup-bucket-allocator-block-size=33554432"
    "memorysetup-bucket-allocator-block-count=8"
    "memorysetup-main-allocator-block-size=16777216"
    "memorysetup-thread-allocator-block-size=16777216"
    "memorysetup-gfx-main-allocator-block-size=16777216"
    "memorysetup-gfx-thread-allocator-block-size=16777216"
    "memorysetup-cache-allocator-block-size=4194304"
    "memorysetup-typetree-allocator-block-size=2097152"
    "memorysetup-profiler-bucket-allocator-granularity=16"
    "memorysetup-profiler-bucket-allocator-bucket-count=8"
    "memorysetup-profiler-bucket-allocator-block-size=33554432"
    "memorysetup-profiler-bucket-allocator-block-count=8"
    "memorysetup-profiler-allocator-block-size=16777216"
    "memorysetup-profiler-editor-allocator-block-size=1048576"
    "memorysetup-temp-allocator-size-main=16777216"
    "memorysetup-job-temp-allocator-block-size=2097152"
    "memorysetup-job-temp-allocator-block-size-background=1048576"
    "memorysetup-job-temp-allocator-reduction-small-platforms=262144"
    "memorysetup-temp-allocator-size-background-worker=32768"
    "memorysetup-temp-allocator-size-job-worker=262144"
    "memorysetup-temp-allocator-size-preload-manager=33554432"
    "memorysetup-temp-allocator-size-nav-mesh-worker=65536"
    "memorysetup-temp-allocator-size-audio-worker=65536"
    "memorysetup-temp-allocator-size-cloud-worker=32768"
    "memorysetup-temp-allocator-size-gi-baking-worker=262144"
    "memorysetup-temp-allocator-size-gfx=262144"
Refreshing native plugins compatible for Editor in 107.02 ms, found 4 plugins.
Preloading 0 native plugins for Editor in 0.00 ms.
Initialize engine version: 2021.3.5f1 (40eb3a945986)
[Subsystems] Discovering subsystems at path D:/2021.3.5f1/Editor/Data/Resources/UnitySubsystems
[Subsystems] Discovering subsystems at path D:/Uni/Gamedev/Flappy bobr/Assets
GfxDevice: creating device client; threaded=0; jobified=0
Direct3D:
    Version:  Direct3D 11.0 [level 11.1]
    Renderer: NVIDIA GeForce RTX 4060 Laptop GPU (ID=0x28e0)
    Vendor:   NVIDIA
    VRAM:     7957 MB
    Driver:   32.0.15.6094
Initialize mono
Mono path[0] = 'D:/2021.3.5f1/Editor/Data/Managed'
Mono path[1] = 'D:/2021.3.5f1/Editor/Data/MonoBleedingEdge/lib/mono/unityjit-win32'
Mono config path = 'D:/2021.3.5f1/Editor/Data/MonoBleedingEdge/etc'
Using monoOptions --debugger-agent=transport=dt_socket,embedding=1,server=y,suspend=n,address=127.0.0.1:56736
Begin MonoManager ReloadAssembly
Registering precompiled unity dll's ...
Register platform support module: D:/2021.3.5f1/Editor/Data/PlaybackEngines/WindowsStandaloneSupport/UnityEditor.WindowsStandalone.Extensions.dll
Registered in 0.002229 seconds.
Native extension for WindowsStandalone target not found
Refreshing native plugins compatible for Editor in 101.32 ms, found 4 plugins.
Preloading 0 native plugins for Editor in 0.00 ms.
Mono: successfully reloaded assembly
- Completed reload, in  0.662 seconds
Domain Reload Profiling:
	ReloadAssembly (663ms)
		BeginReloadAssembly (73ms)
			ExecutionOrderSort (0ms)
			DisableScriptedObjects (0ms)
			BackupInstance (0ms)
			ReleaseScriptingObjects (0ms)
			CreateAndSetChildDomain (1ms)
		EndReloadAssembly (485ms)
			LoadAssemblies (72ms)
			RebuildTransferFunctionScriptingTraits (0ms)
			SetupTypeCache (104ms)
			ReleaseScriptCaches (0ms)
			RebuildScriptCaches (31ms)
			SetupLoadedEditorAssemblies (295ms)
				LogAssemblyErrors (0ms)
				InitializePlatformSupportModulesInManaged (8ms)
				SetLoadedEditorAssemblies (0ms)
				RefreshPlugins (101ms)
				BeforeProcessingInitializeOnLoad (1ms)
				ProcessInitializeOnLoadAttributes (131ms)
				ProcessInitializeOnLoadMethodAttributes (53ms)
				AfterProcessingInitializeOnLoad (0ms)
				EditorAssembliesLoaded (0ms)
			ExecutionOrderSort2 (0ms)
			AwakeInstancesAfterBackupRestoration (0ms)
Platform modules already initialized, skipping
Registering precompiled user dll's ...
Registered in 0.005847 seconds.
Begin MonoManager ReloadAssembly
Symbol file LoadedFromMemory doesn't match image D:\Uni\Gamedev\Flappy bobr\Library\PackageCache\com.unity.visualscripting@1.7.8\Editor\VisualScripting.Core\Dependencies\YamlDotNet\Unity.VisualScripting.YamlDotNet.dll
Symbol file LoadedFromMemory doesn't match image D:\Uni\Gamedev\Flappy bobr\Library\PackageCache\com.unity.visualscripting@1.7.8\Editor\VisualScripting.Core\Dependencies\DotNetZip\Unity.VisualScripting.IonicZip.dll
Native extension for WindowsStandalone target not found
Refreshing native plugins compatible for Editor in 98.21 ms, found 4 plugins.
Preloading 0 native plugins for Editor in 0.00 ms.
Mono: successfully reloaded assembly
- Completed reload, in  1.204 seconds
Domain Reload Profiling:
	ReloadAssembly (1205ms)
		BeginReloadAssembly (107ms)
			ExecutionOrderSort (0ms)
			DisableScriptedObjects (7ms)
			BackupInstance (0ms)
			ReleaseScriptingObjects (0ms)
			CreateAndSetChildDomain (24ms)
		EndReloadAssembly (984ms)
			LoadAssemblies (70ms)
			RebuildTransferFunctionScriptingTraits (0ms)
			SetupTypeCache (245ms)
			ReleaseScriptCaches (1ms)
			RebuildScriptCaches (63ms)
			SetupLoadedEditorAssemblies (541ms)
				LogAssemblyErrors (0ms)
				InitializePlatformSupportModulesInManaged (3ms)
				SetLoadedEditorAssemblies (0ms)
				RefreshPlugins (98ms)
				BeforeProcessingInitializeOnLoad (99ms)
				ProcessInitializeOnLoadAttributes (297ms)
				ProcessInitializeOnLoadMethodAttributes (41ms)
				AfterProcessingInitializeOnLoad (3ms)
				EditorAssembliesLoaded (0ms)
			ExecutionOrderSort2 (0ms)
			AwakeInstancesAfterBackupRestoration (7ms)
Platform modules already initialized, skipping
========================================================================
Worker process is ready to serve import requests
Launched and connected shader compiler UnityShaderCompiler.exe after 0.05 seconds
Refreshing native plugins compatible for Editor in 0.95 ms, found 4 plugins.
Preloading 0 native plugins for Editor in 0.00 ms.
Unloading 4449 Unused Serialized files (Serialized files now loaded: 0)
Unloading 41 unused Assets / (55.3 KB). Loaded Objects now: 4907.
Memory consumption went from 167.2 MB to 167.1 MB.
Total: 3.200300 ms (FindLiveObjects: 0.344000 ms CreateObjectMapping: 0.140800 ms MarkObjects: 2.643000 ms  DeleteObjects: 0.070700 ms)

AssetImportParameters requested are different than current active one (requested -> active):
  custom:video-decoder-ogg-theora: a1e56fd34408186e4bbccfd4996cb3dc -> 
  custom:container-muxer-webm: aa71ff27fc2769a1b78a27578f13a17b -> 
  custom:container-demuxer-webm: 4f35f7cbe854078d1ac9338744f61a02 -> 
  custom:video-encoder-webm-vp8: eb34c28f22e8b96e1ab97ce403110664 -> 
  custom:audio-encoder-webm-vorbis: bf7c407c2cedff20999df2af8eb42d56 -> 
  custom:framework-win-MediaFoundation: 216162199b28c13a410421893ffa2e32 -> 
  custom:container-demuxer-ogg: 62fdf1f143b41e24485cea50d1cbac27 -> 
  custom:video-decoder-webm-vp8: 9c59270c3fd7afecdb556c50c9e8de78 -> 
  custom:audio-decoder-ogg-vorbis: bf7c407c2cedff20999df2af8eb42d56 -> 
========================================================================
Received Import Request.
  Time since last request: 24067.297642 seconds.
  path: Assets/58e920f8-bf1a-495e-a1b6-a22269dc931e.png
  artifactKey: Guid(445186acf5687fa4c88fa8ddf57750db) Importer(815301076,1909f56bfc062723c751e8b465ee728b)
Start importing Assets/58e920f8-bf1a-495e-a1b6-a22269dc931e.png using Guid(445186acf5687fa4c88fa8ddf57750db) Importer(815301076,1909f56bfc062723c751e8b465ee728b)  -> (artifact id: '09df947bd0a6b61accfc9f6e9aa9cfc8') in 0.235384 seconds 
========================================================================
Received Import Request.
  Time since last request: 48.927966 seconds.
  path: Assets/Bobr.anim
  artifactKey: Guid(05f8631307e24e9478ab2771b6912f50) Importer(815301076,1909f56bfc062723c751e8b465ee728b)
Start importing Assets/Bobr.anim using Guid(05f8631307e24e9478ab2771b6912f50) Importer(815301076,1909f56bfc062723c751e8b465ee728b)  -> (artifact id: '859a91484167ce9a81a61c6f1b2ed4ce') in 0.010742 seconds 
========================================================================
Received Import Request.
  Time since last request: 1.654314 seconds.
  path: Assets/DALL·E 2024-12-15 22.30.22 - A cartoon sprite of a beaver designed for a game like Flappy Bird. The beaver is shown in three different poses_ one in mid-flap with arms raised, one.webp
  artifactKey: Guid(2be044361da37a64eba35523d97c94a4) Importer(815301076,1909f56bfc062723c751e8b465ee728b)
Start importing Assets/DALL·E 2024-12-15 22.30.22 - A cartoon sprite of a beaver designed for a game like Flappy Bird. The beaver is shown in three different poses_ one in mid-flap with arms raised, one.webp using Guid(2be044361da37a64eba35523d97c94a4) Importer(815301076,1909f56bfc062723c751e8b465ee728b)  -> (artifact id: '514f1d5415a55fbfb9965b1d6c0e6a29') in 0.006816 seconds 
========================================================================
Received Import Request.
  Time since last request: 81.008596 seconds.
  path: Assets/Animations/58e920f8-bf1a-495e-a1b6-a22269dc931e-removebg-preview_0 1.controller
  artifactKey: Guid(009aac1ab80a4c64da21b62b843de4af) Importer(815301076,1909f56bfc062723c751e8b465ee728b)
Start importing Assets/Animations/58e920f8-bf1a-495e-a1b6-a22269dc931e-removebg-preview_0 1.controller using Guid(009aac1ab80a4c64da21b62b843de4af) Importer(815301076,1909f56bfc062723c751e8b465ee728b)  -> (artifact id: '6f335a72ba5856c07b1809111c8a93c8') in 0.013192 seconds 
========================================================================
Received Import Request.
  Time since last request: 4.409069 seconds.
  path: Assets/Animations/Bobr.anim
  artifactKey: Guid(33faaf2466e0dff49946a57136f8bc49) Importer(815301076,1909f56bfc062723c751e8b465ee728b)
Start importing Assets/Animations/Bobr.anim using Guid(33faaf2466e0dff49946a57136f8bc49) Importer(815301076,1909f56bfc062723c751e8b465ee728b)  -> (artifact id: '347397bd6e9c353c10172ba41a50b772') in 0.003167 seconds 
========================================================================
Received Import Request.
  Time since last request: 327.666801 seconds.
  path: Assets/Scripts/PipeSpawner.cs
  artifactKey: Guid(668c7f84090b4ea49a296911494d72a5) Importer(815301076,1909f56bfc062723c751e8b465ee728b)
Start importing Assets/Scripts/PipeSpawner.cs using Guid(668c7f84090b4ea49a296911494d72a5) Importer(815301076,1909f56bfc062723c751e8b465ee728b)  -> (artifact id: '1373c9bce70dc7bbbcce343a633a540b') in 0.021041 seconds 
========================================================================
Received Import Request.
  Time since last request: 390.620204 seconds.
  path: Assets/flappy_bobr 1.png
  artifactKey: Guid(bf67b7212fe115e4e9741a9f0a6dbbf9) Importer(815301076,1909f56bfc062723c751e8b465ee728b)
Start importing Assets/flappy_bobr 1.png using Guid(bf67b7212fe115e4e9741a9f0a6dbbf9) Importer(815301076,1909f56bfc062723c751e8b465ee728b)  -> (artifact id: '07b9c03a2367c0a01e56bcb7c1b38f5b') in 0.034530 seconds 
========================================================================
Received Import Request.
  Time since last request: 31.573138 seconds.
  path: Assets/flappy_bobr.png
  artifactKey: Guid(784be53d3507d3347b000ed891529540) Importer(815301076,1909f56bfc062723c751e8b465ee728b)
Start importing Assets/flappy_bobr.png using Guid(784be53d3507d3347b000ed891529540) Importer(815301076,1909f56bfc062723c751e8b465ee728b)  -> (artifact id: '4c87b80f19196b8063d3f94110160e59') in 0.076960 seconds 
========================================================================
Received Import Request.
  Time since last request: 74.905534 seconds.
  path: Assets/flappy_bobr2.png
  artifactKey: Guid(37ebfdbd44fdf724e80c138ff56b1188) Importer(815301076,1909f56bfc062723c751e8b465ee728b)
Start importing Assets/flappy_bobr2.png using Guid(37ebfdbd44fdf724e80c138ff56b1188) Importer(815301076,1909f56bfc062723c751e8b465ee728b)  -> (artifact id: 'f45ecce9e2bc1c6d143c06e63aa1408e') in 0.030224 seconds 
========================================================================
Received Import Request.
  Time since last request: 11.799160 seconds.
  path: Assets/flappy_bobr2.png
  artifactKey: Guid(37ebfdbd44fdf724e80c138ff56b1188) Importer(815301076,1909f56bfc062723c751e8b465ee728b)
Start importing Assets/flappy_bobr2.png using Guid(37ebfdbd44fdf724e80c138ff56b1188) Importer(815301076,1909f56bfc062723c751e8b465ee728b)  -> (artifact id: '2bab7fb5de432c511bc31ca07e6fed7b') in 0.018406 seconds 
========================================================================
Received Import Request.
  Time since last request: 45.346811 seconds.
  path: Assets/flappy_bobr2.png
  artifactKey: Guid(37ebfdbd44fdf724e80c138ff56b1188) Importer(815301076,1909f56bfc062723c751e8b465ee728b)
Start importing Assets/flappy_bobr2.png using Guid(37ebfdbd44fdf724e80c138ff56b1188) Importer(815301076,1909f56bfc062723c751e8b465ee728b)  -> (artifact id: 'ebf7a07570029d7019e46bf54ad0e1f3') in 0.038158 seconds 
========================================================================
Received Prepare
Registering precompiled user dll's ...
Registered in 0.005677 seconds.
Begin MonoManager ReloadAssembly
Symbol file LoadedFromMemory doesn't match image D:\Uni\Gamedev\Flappy bobr\Library\PackageCache\com.unity.visualscripting@1.7.8\Editor\VisualScripting.Core\Dependencies\YamlDotNet\Unity.VisualScripting.YamlDotNet.dll
Symbol file LoadedFromMemory doesn't match image D:\Uni\Gamedev\Flappy bobr\Library\PackageCache\com.unity.visualscripting@1.7.8\Editor\VisualScripting.Core\Dependencies\DotNetZip\Unity.VisualScripting.IonicZip.dll
Native extension for WindowsStandalone target not found
Refreshing native plugins compatible for Editor in 0.89 ms, found 4 plugins.
Preloading 0 native plugins for Editor in 0.00 ms.
Mono: successfully reloaded assembly
- Completed reload, in  1.157 seconds
Domain Reload Profiling:
	ReloadAssembly (1158ms)
		BeginReloadAssembly (186ms)
			ExecutionOrderSort (0ms)
			DisableScriptedObjects (13ms)
			BackupInstance (0ms)
			ReleaseScriptingObjects (0ms)
			CreateAndSetChildDomain (63ms)
		EndReloadAssembly (868ms)
			LoadAssemblies (108ms)
			RebuildTransferFunctionScriptingTraits (0ms)
			SetupTypeCache (266ms)
			ReleaseScriptCaches (1ms)
			RebuildScriptCaches (47ms)
			SetupLoadedEditorAssemblies (404ms)
				LogAssemblyErrors (0ms)
				InitializePlatformSupportModulesInManaged (13ms)
				SetLoadedEditorAssemblies (1ms)
				RefreshPlugins (1ms)
				BeforeProcessingInitializeOnLoad (74ms)
				ProcessInitializeOnLoadAttributes (273ms)
				ProcessInitializeOnLoadMethodAttributes (39ms)
				AfterProcessingInitializeOnLoad (4ms)
				EditorAssembliesLoaded (0ms)
			ExecutionOrderSort2 (0ms)
			AwakeInstancesAfterBackupRestoration (9ms)
Platform modules already initialized, skipping
Refreshing native plugins compatible for Editor in 2.94 ms, found 4 plugins.
Preloading 0 native plugins for Editor in 0.00 ms.
Unloading 4425 Unused Serialized files (Serialized files now loaded: 0)
Unloading 26 unused Assets / (24.7 KB). Loaded Objects now: 4928.
Memory consumption went from 169.6 MB to 169.5 MB.
Total: 3.825400 ms (FindLiveObjects: 0.340000 ms CreateObjectMapping: 0.117600 ms MarkObjects: 3.207700 ms  DeleteObjects: 0.158800 ms)

AssetImportParameters requested are different than current active one (requested -> active):
  custom:video-decoder-ogg-theora: a1e56fd34408186e4bbccfd4996cb3dc -> 
  custom:container-muxer-webm: aa71ff27fc2769a1b78a27578f13a17b -> 
  custom:container-demuxer-webm: 4f35f7cbe854078d1ac9338744f61a02 -> 
  custom:video-encoder-webm-vp8: eb34c28f22e8b96e1ab97ce403110664 -> 
  custom:audio-encoder-webm-vorbis: bf7c407c2cedff20999df2af8eb42d56 -> 
  custom:framework-win-MediaFoundation: 216162199b28c13a410421893ffa2e32 -> 
  custom:container-demuxer-ogg: 62fdf1f143b41e24485cea50d1cbac27 -> 
  custom:video-decoder-webm-vp8: 9c59270c3fd7afecdb556c50c9e8de78 -> 
  custom:audio-decoder-ogg-vorbis: bf7c407c2cedff20999df2af8eb42d56 -> 
